<html>
<head>
<title>TestNG:  TestCase9</title>
<link href="../testng.css" rel="stylesheet" type="text/css" />
<link href="../my-testng.css" rel="stylesheet" type="text/css" />

<style type="text/css">
.log { display: none;} 
.stack-trace { display: none;} 
</style>
<script type="text/javascript">
<!--
function flip(e) {
  current = e.style.display;
  if (current == 'block') {
    e.style.display = 'none';
    return 0;
  }
  else {
    e.style.display = 'block';
    return 1;
  }
}

function toggleBox(szDivId, elem, msg1, msg2)
{
  var res = -1;  if (document.getElementById) {
    res = flip(document.getElementById(szDivId));
  }
  else if (document.all) {
    // this is the way old msie versions work
    res = flip(document.all[szDivId]);
  }
  if(elem) {
    if(res == 0) elem.innerHTML = msg1; else elem.innerHTML = msg2;
  }

}

function toggleAllBoxes() {
  if (document.getElementsByTagName) {
    d = document.getElementsByTagName('div');
    for (i = 0; i < d.length; i++) {
      if (d[i].className == 'log') {
        flip(d[i]);
      }
    }
  }
}

// -->
</script>

</head>
<body>
<h2 align='center'>TestCase9</h2><table border='1' align="center">
<tr>
<td>Tests passed/Failed/Skipped:</td><td>0/1/0</td>
</tr><tr>
<td>Started on:</td><td>Thu Sep 10 17:04:36 IST 2020</td>
</tr>
<tr><td>Total time:</td><td>42 seconds (42104 ms)</td>
</tr><tr>
<td>Included groups:</td><td></td>
</tr><tr>
<td>Excluded groups:</td><td></td>
</tr>
</table><p/>
<small><i>(Hover the method name to see the test class name)</i></small><p/>
<table width='100%' border='1' class='invocation-failed'>
<tr><td colspan='4' align='center'><b>FAILED TESTS</b></td></tr>
<tr><td><b>Test method</b></td>
<td width="30%"><b>Exception</b></td>
<td width="10%"><b>Time (seconds)</b></td>
<td><b>Instance</b></td>
</tr>
<tr>
<td title='lmsProject.testCaseNine.testCase9()'><b>testCase9</b><br>Test class: lmsProject.testCaseNine</td>
<td><div><pre>org.openqa.selenium.NoSuchElementException: Unable to locate element: /html/body/div[1]/div/div[2]/div[1]/div[4]/div[2]/form/input[4]
For documentation on this error, please visit: https://www.seleniumhq.org/exceptions/no_such_element.html
Build info: version: &apos;3.141.59&apos;, revision: &apos;e82be7d358&apos;, time: &apos;2018-11-14T08:17:03&apos;
System info: host: &apos;DESKTOP-97E01BO&apos;, ip: &apos;9.163.80.89&apos;, os.name: &apos;Windows 10&apos;, os.arch: &apos;amd64&apos;, os.version: &apos;10.0&apos;, java.version: &apos;1.8.0_265&apos;
Driver info: org.openqa.selenium.firefox.FirefoxDriver
Capabilities {acceptInsecureCerts: true, browserName: firefox, browserVersion: 80.0.1, javascriptEnabled: true, moz:accessibilityChecks: false, moz:buildID: 20200831163820, moz:geckodriverVersion: 0.27.0, moz:headless: false, moz:processID: 23984, moz:profile: C:\Users\RajatSharma\AppDat..., moz:shutdownTimeout: 60000, moz:useNonSpecCompliantPointerOrigin: false, moz:webdriverClick: true, pageLoadStrategy: normal, platform: WINDOWS, platformName: WINDOWS, platformVersion: 10.0, rotatable: false, setWindowRect: true, strictFileInteractability: false, timeouts: {implicit: 0, pageLoad: 300000, script: 30000}, unhandledPromptBehavior: dismiss and notify}
Session ID: 3b077899-eb4c-4f25-88f2-d605383d68f0
*** Element info: {Using=xpath, value=/html/body/div[1]/div/div[2]/div[1]/div[4]/div[2]/form/input[4]}
	at org.openqa.selenium.remote.http.W3CHttpResponseCodec.createException(W3CHttpResponseCodec.java:187)
	at org.openqa.selenium.remote.http.W3CHttpResponseCodec.decode(W3CHttpResponseCodec.java:122)
	at org.openqa.selenium.remote.http.W3CHttpResponseCodec.decode(W3CHttpResponseCodec.java:49)
	at org.openqa.selenium.remote.HttpCommandExecutor.execute(HttpCommandExecutor.java:158)
	at org.openqa.selenium.remote.service.DriverCommandExecutor.execute(DriverCommandExecutor.java:83)
	at org.openqa.selenium.remote.RemoteWebDriver.execute(RemoteWebDriver.java:552)
	at org.openqa.selenium.remote.RemoteWebDriver.findElement(RemoteWebDriver.java:323)
	at org.openqa.selenium.remote.RemoteWebDriver.findElementByXPath(RemoteWebDriver.java:428)
	at org.openqa.selenium.By$ByXPath.findElement(By.java:353)
	at org.openqa.selenium.remote.RemoteWebDriver.findElement(RemoteWebDriver.java:315)
	at lmsProject.testCaseNine.testCase9(testCaseNine.java:37)
	at java.util.ArrayList.forEach(ArrayList.java:1259)
... Removed 31 stack frames</pre></div><a href='#' onClick='toggleBox("stack-trace1959708563", this, "Click to show all stack frames", "Click to hide stack frames")'>Click to show all stack frames</a>
<div class='stack-trace' id='stack-trace1959708563'><pre>org.openqa.selenium.NoSuchElementException: Unable to locate element: /html/body/div[1]/div/div[2]/div[1]/div[4]/div[2]/form/input[4]
For documentation on this error, please visit: https://www.seleniumhq.org/exceptions/no_such_element.html
Build info: version: &apos;3.141.59&apos;, revision: &apos;e82be7d358&apos;, time: &apos;2018-11-14T08:17:03&apos;
System info: host: &apos;DESKTOP-97E01BO&apos;, ip: &apos;9.163.80.89&apos;, os.name: &apos;Windows 10&apos;, os.arch: &apos;amd64&apos;, os.version: &apos;10.0&apos;, java.version: &apos;1.8.0_265&apos;
Driver info: org.openqa.selenium.firefox.FirefoxDriver
Capabilities {acceptInsecureCerts: true, browserName: firefox, browserVersion: 80.0.1, javascriptEnabled: true, moz:accessibilityChecks: false, moz:buildID: 20200831163820, moz:geckodriverVersion: 0.27.0, moz:headless: false, moz:processID: 23984, moz:profile: C:\Users\RajatSharma\AppDat..., moz:shutdownTimeout: 60000, moz:useNonSpecCompliantPointerOrigin: false, moz:webdriverClick: true, pageLoadStrategy: normal, platform: WINDOWS, platformName: WINDOWS, platformVersion: 10.0, rotatable: false, setWindowRect: true, strictFileInteractability: false, timeouts: {implicit: 0, pageLoad: 300000, script: 30000}, unhandledPromptBehavior: dismiss and notify}
Session ID: 3b077899-eb4c-4f25-88f2-d605383d68f0
*** Element info: {Using=xpath, value=/html/body/div[1]/div/div[2]/div[1]/div[4]/div[2]/form/input[4]}
	at sun.reflect.NativeConstructorAccessorImpl.newInstance0(Native Method)
	at sun.reflect.NativeConstructorAccessorImpl.newInstance(NativeConstructorAccessorImpl.java:62)
	at sun.reflect.DelegatingConstructorAccessorImpl.newInstance(DelegatingConstructorAccessorImpl.java:45)
	at java.lang.reflect.Constructor.newInstance(Constructor.java:423)
	at org.openqa.selenium.remote.http.W3CHttpResponseCodec.createException(W3CHttpResponseCodec.java:187)
	at org.openqa.selenium.remote.http.W3CHttpResponseCodec.decode(W3CHttpResponseCodec.java:122)
	at org.openqa.selenium.remote.http.W3CHttpResponseCodec.decode(W3CHttpResponseCodec.java:49)
	at org.openqa.selenium.remote.HttpCommandExecutor.execute(HttpCommandExecutor.java:158)
	at org.openqa.selenium.remote.service.DriverCommandExecutor.execute(DriverCommandExecutor.java:83)
	at org.openqa.selenium.remote.RemoteWebDriver.execute(RemoteWebDriver.java:552)
	at org.openqa.selenium.remote.RemoteWebDriver.findElement(RemoteWebDriver.java:323)
	at org.openqa.selenium.remote.RemoteWebDriver.findElementByXPath(RemoteWebDriver.java:428)
	at org.openqa.selenium.By$ByXPath.findElement(By.java:353)
	at org.openqa.selenium.remote.RemoteWebDriver.findElement(RemoteWebDriver.java:315)
	at lmsProject.testCaseNine.testCase9(testCaseNine.java:37)
	at sun.reflect.NativeMethodAccessorImpl.invoke0(Native Method)
	at sun.reflect.NativeMethodAccessorImpl.invoke(NativeMethodAccessorImpl.java:62)
	at sun.reflect.DelegatingMethodAccessorImpl.invoke(DelegatingMethodAccessorImpl.java:43)
	at java.lang.reflect.Method.invoke(Method.java:498)
	at org.testng.internal.MethodInvocationHelper.invokeMethod(MethodInvocationHelper.java:133)
	at org.testng.internal.TestInvoker.invokeMethod(TestInvoker.java:584)
	at org.testng.internal.TestInvoker.invokeTestMethod(TestInvoker.java:172)
	at org.testng.internal.MethodRunner.runInSequence(MethodRunner.java:46)
	at org.testng.internal.TestInvoker$MethodInvocationAgent.invoke(TestInvoker.java:804)
	at org.testng.internal.TestInvoker.invokeTestMethods(TestInvoker.java:145)
	at org.testng.internal.TestMethodWorker.invokeTestMethods(TestMethodWorker.java:146)
	at org.testng.internal.TestMethodWorker.run(TestMethodWorker.java:128)
	at java.util.ArrayList.forEach(ArrayList.java:1259)
	at org.testng.TestRunner.privateRun(TestRunner.java:770)
	at org.testng.TestRunner.run(TestRunner.java:591)
	at org.testng.SuiteRunner.runTest(SuiteRunner.java:402)
	at org.testng.SuiteRunner.runSequentially(SuiteRunner.java:396)
	at org.testng.SuiteRunner.privateRun(SuiteRunner.java:355)
	at org.testng.SuiteRunner.run(SuiteRunner.java:304)
	at org.testng.SuiteRunnerWorker.runSuite(SuiteRunnerWorker.java:53)
	at org.testng.SuiteRunnerWorker.run(SuiteRunnerWorker.java:96)
	at org.testng.TestNG.runSuitesSequentially(TestNG.java:1180)
	at org.testng.TestNG.runSuitesLocally(TestNG.java:1102)
	at org.testng.TestNG.runSuites(TestNG.java:1032)
	at org.testng.TestNG.run(TestNG.java:1000)
	at org.testng.remote.AbstractRemoteTestNG.run(AbstractRemoteTestNG.java:115)
	at org.testng.remote.RemoteTestNG.initAndRun(RemoteTestNG.java:251)
	at org.testng.remote.RemoteTestNG.main(RemoteTestNG.java:77)
</pre></div></td>
<td>19</td>
<td>lmsProject.testCaseNine@7a765367</td></tr>
</table><p>
<table width='100%' border='1' class='invocation-passed'>
<tr><td colspan='4' align='center'><b>PASSED TESTS</b></td></tr>
<tr><td><b>Test method</b></td>
<td width="30%"><b>Exception</b></td>
<td width="10%"><b>Time (seconds)</b></td>
<td><b>Instance</b></td>
</tr>
<tr>
<td title='lmsProject.testCaseSeven.coursesCount()'><b>coursesCount</b><br>Test class: lmsProject.testCaseSeven<br/>
<a href="#Output-1130346421" onClick='toggleBox("Output-1130346421", this, "Show output", "Hide output");'>Show output</a>

<a href="#Output-1130346421" onClick="toggleAllBoxes();">Show all outputs</a>
<div class='log' id="Output-1130346421">
Number of Courses: 3<br/>
</div>
</td>
<td></td>
<td>2</td>
<td>lmsProject.testCaseSeven@6ee52dcd</td></tr>
<tr>
<td title='lmsProject.testCaseOne.testCase1()'><b>testCase1</b><br>Test class: lmsProject.testCaseOne<br/>
<a href="#Output-1464191502" onClick='toggleBox("Output-1464191502", this, "Show output", "Hide output");'>Show output</a>

<a href="#Output-1464191502" onClick="toggleAllBoxes();">Show all outputs</a>
<div class='log' id="Output-1464191502">
The title of the page isAlchemy LMS – An LMS Application<br/>
</div>
</td>
<td></td>
<td>0</td>
<td>lmsProject.testCaseOne@3d99d22e</td></tr>
<tr>
<td title='lmsProject.testCaseTwo.testCase2()'><b>testCase2</b><br>Test class: lmsProject.testCaseTwo<br/>
<a href="#Output-1160649162" onClick='toggleBox("Output-1160649162", this, "Show output", "Hide output");'>Show output</a>

<a href="#Output-1160649162" onClick="toggleAllBoxes();">Show all outputs</a>
<div class='log' id="Output-1160649162">
The header of the page is-Learn from Industry Experts<br/>
</div>
</td>
<td></td>
<td>0</td>
<td>lmsProject.testCaseTwo@d44fc21</td></tr>
<tr>
<td title='lmsProject.testCaseThree.testCase3()'><b>testCase3</b><br>Test class: lmsProject.testCaseThree<br/>
<a href="#Output-307400933" onClick='toggleBox("Output-307400933", this, "Show output", "Hide output");'>Show output</a>

<a href="#Output-307400933" onClick="toggleAllBoxes();">Show all outputs</a>
<div class='log' id="Output-307400933">
Info Box Title is-Actionable Training<br/>
</div>
</td>
<td></td>
<td>0</td>
<td>lmsProject.testCaseThree@184f6be2</td></tr>
<tr>
<td title='lmsProject.testCaseFour.testCase4()'><b>testCase4</b><br>Test class: lmsProject.testCaseFour<br/>
<a href="#Output-384617262" onClick='toggleBox("Output-384617262", this, "Show output", "Hide output");'>Show output</a>

<a href="#Output-384617262" onClick="toggleAllBoxes();">Show all outputs</a>
<div class='log' id="Output-384617262">
Second Course Title is-Email Marketing Strategies<br/>
</div>
</td>
<td></td>
<td>0</td>
<td>lmsProject.testCaseFour@5f282abb</td></tr>
<tr>
<td title='lmsProject.testCaseFive.testCase5()'><b>testCase5</b><br>Test class: lmsProject.testCaseFive<br/>
<a href="#Output-1839962989" onClick='toggleBox("Output-1839962989", this, "Show output", "Hide output");'>Show output</a>

<a href="#Output-1839962989" onClick="toggleAllBoxes();">Show all outputs</a>
<div class='log' id="Output-1839962989">
The navigated page title is- My Account – Alchemy LMS<br/>
</div>
</td>
<td></td>
<td>2</td>
<td>lmsProject.testCaseFive@15d0c81b</td></tr>
<tr>
<td title='lmsProject.testCaseSix.testCase6()'><b>testCase6</b><br>Test class: lmsProject.testCaseSix<br/>
<a href="#Output-908084672" onClick='toggleBox("Output-908084672", this, "Show output", "Hide output");'>Show output</a>

<a href="#Output-908084672" onClick="toggleAllBoxes();">Show all outputs</a>
<div class='log' id="Output-908084672">
User is logged in Successfully and his name is-root<br/>
</div>
</td>
<td></td>
<td>15</td>
<td>lmsProject.testCaseSix@2d8f65a4</td></tr>
<tr>
<td title='lmsProject.testCaseEight.testCase8()'><b>testCase8</b><br>Test class: lmsProject.testCaseEight<br/>
<a href="#Output-58890945" onClick='toggleBox("Output-58890945", this, "Show output", "Hide output");'>Show output</a>

<a href="#Output-58890945" onClick="toggleAllBoxes();">Show all outputs</a>
<div class='log' id="Output-58890945">
After Submission message isThanks for contacting us! We will be in touch with you shortly.<br/>
</div>
</td>
<td></td>
<td>6</td>
<td>lmsProject.testCaseEight@5faeada1</td></tr>
</table><p>
</body>
</html>